<?xml version="1.0" encoding="UTF-8"?>
<testsuite name="operationsTest" tests="1" skipped="0" failures="0" errors="0" timestamp="2022-02-11T11:41:24" hostname="hp-HP-Laptop-15-da0xxx" time="0.593">
  <properties/>
  <testcase name="selectOne()" classname="operationsTest" time="0.593"/>
  <system-out><![CDATA[7
]]></system-out>
  <system-err><![CDATA[]]></system-err>
</testsuite>
