<?xml version="1.0" encoding="UTF-8"?>
<testsuite name="operationsTest" tests="1" skipped="0" failures="0" errors="0" timestamp="2022-02-10T12:42:13" hostname="hp-HP-Laptop-15-da0xxx" time="0.707">
  <properties/>
  <testcase name="delete()" classname="operationsTest" time="0.707"/>
  <system-out><![CDATA[qqqqqqqqqqqqqqqqqqqqqqqqqqqqqqqqqq11
DELETE from actor where actor_id = 
java.lang.Integerjava.lang.Integer
yyyyyyyyyyyyyyyyyyyyyyyyyyyyyyyyyyyyyyyyyyyyyy
public final class java.lang.Integer
false
100
35 xxx 43
DELETE from actor where actor_id =  ? 
--------------
Final Query::: DELETE from actor where actor_id =  ? 
Prop::: 0 ::: 100
com.mysql.cj.jdbc.ClientPreparedStatement: DELETE from actor where actor_id =  '100' 
The number of rows affected are:1
]]></system-out>
  <system-err><![CDATA[]]></system-err>
</testsuite>
